/dev/ttyUSB0
===info ||| Progress {0} ||| [0.00]
===info ||| Progress {0} ||| [33.33]
===info ||| Using board '{0}' from platform in folder: {1} ||| [nano %2Froot%2F.arduino15%2Fpackages%2Farduino%2Fhardware%2Favr%2F1.6.19]
===info ||| Using core '{0}' from platform in folder: {1} ||| [arduino %2Froot%2F.arduino15%2Fpackages%2Farduino%2Fhardware%2Favr%2F1.6.19]
===info ||| Progress {0} ||| [66.67]
_id=nano
archive_file_path={build.path}/{archive_file}
bootloader.extended_fuses=0xFD
bootloader.file=atmega/ATmegaBOOT_168_atmega328.hex
bootloader.high_fuses=0xDA
bootloader.lock_bits=0x0F
bootloader.low_fuses=0xFF
bootloader.tool=avrdude
bootloader.unlock_bits=0x3F
build.arch=AVR
build.board=AVR_NANO
build.core=arduino
build.core.path=/root/.arduino15/packages/arduino/hardware/avr/1.6.19/cores/arduino
build.extra_flags=
build.f_cpu=16000000L
build.fqbn=arduino:avr:nano:cpu=atmega328
build.mcu=atmega328p
build.path=/home/boss/Arduino/_7seg/arduino_build
build.project_name=_7seg.ino
build.source.path=/home/boss/Arduino/_7seg
build.system.path=/root/.arduino15/packages/arduino/hardware/avr/1.6.19/system
build.usb_flags=-DUSB_VID={build.vid} -DUSB_PID={build.pid} '-DUSB_MANUFACTURER={build.usb_manufacturer}' '-DUSB_PRODUCT={build.usb_product}'
build.usb_manufacturer="Unknown"
build.variant=eightanaloginputs
build.variant.path=/root/.arduino15/packages/arduino/hardware/avr/1.6.19/variants/eightanaloginputs
build.warn_data_percentage=75
compiler.S.extra_flags=
compiler.S.flags=-c -g -x assembler-with-cpp -flto -MMD
compiler.ar.cmd=avr-gcc-ar
compiler.ar.extra_flags=
compiler.ar.flags=rcs
compiler.c.cmd=avr-gcc
compiler.c.elf.cmd=avr-gcc
compiler.c.elf.extra_flags=
compiler.c.elf.flags={compiler.warning_flags} -Os -g -flto -fuse-linker-plugin -Wl,--gc-sections
compiler.c.extra_flags=
compiler.c.flags=-c -g -Os {compiler.warning_flags} -std=gnu11 -ffunction-sections -fdata-sections -MMD -flto -fno-fat-lto-objects
compiler.cpp.cmd=avr-g++
compiler.cpp.extra_flags=
compiler.cpp.flags=-c -g -Os {compiler.warning_flags} -std=gnu++11 -fpermissive -fno-exceptions -ffunction-sections -fdata-sections -fno-threadsafe-statics -MMD -flto
compiler.elf2hex.cmd=avr-objcopy
compiler.elf2hex.extra_flags=
compiler.elf2hex.flags=-O ihex -R .eeprom
compiler.ldflags=
compiler.objcopy.cmd=avr-objcopy
compiler.objcopy.eep.extra_flags=
compiler.objcopy.eep.flags=-O ihex -j .eeprom --set-section-flags=.eeprom=alloc,load --no-change-warnings --change-section-lma .eeprom=0
compiler.path={runtime.tools.avr-gcc.path}/bin/
compiler.size.cmd=avr-size
compiler.warning_flags=-w
compiler.warning_flags.all=-Wall -Wextra
compiler.warning_flags.default=
compiler.warning_flags.more=-Wall
compiler.warning_flags.none=-w
extra.time.dst=3600
extra.time.local=1496879030
extra.time.utc=1496897030
extra.time.zone=-21600
ide_version=10802
menu.cpu.atmega168=ATmega168
menu.cpu.atmega168.bootloader.extended_fuses=0xF8
menu.cpu.atmega168.bootloader.file=atmega/ATmegaBOOT_168_diecimila.hex
menu.cpu.atmega168.bootloader.high_fuses=0xdd
menu.cpu.atmega168.bootloader.low_fuses=0xff
menu.cpu.atmega168.build.mcu=atmega168
menu.cpu.atmega168.upload.maximum_data_size=1024
menu.cpu.atmega168.upload.maximum_size=14336
menu.cpu.atmega168.upload.speed=19200
menu.cpu.atmega328=ATmega328
menu.cpu.atmega328.bootloader.extended_fuses=0xFD
menu.cpu.atmega328.bootloader.file=atmega/ATmegaBOOT_168_atmega328.hex
menu.cpu.atmega328.bootloader.high_fuses=0xDA
menu.cpu.atmega328.bootloader.low_fuses=0xFF
menu.cpu.atmega328.build.mcu=atmega328p
menu.cpu.atmega328.upload.maximum_data_size=2048
menu.cpu.atmega328.upload.maximum_size=30720
menu.cpu.atmega328.upload.speed=57600
name=Arduino Nano
preproc.includes.flags=-w -x c++ -M -MG -MP
preproc.macros.flags=-w -x c++ -E -CC
recipe.S.o.pattern="{compiler.path}{compiler.c.cmd}" {compiler.S.flags} -mmcu={build.mcu} -DF_CPU={build.f_cpu} -DARDUINO={runtime.ide.version} -DARDUINO_{build.board} -DARDUINO_ARCH_{build.arch} {compiler.S.extra_flags} {build.extra_flags} {includes} "{source_file}" -o "{object_file}"
recipe.ar.pattern="{compiler.path}{compiler.ar.cmd}" {compiler.ar.flags} {compiler.ar.extra_flags} "{archive_file_path}" "{object_file}"
recipe.c.combine.pattern="{compiler.path}{compiler.c.elf.cmd}" {compiler.c.elf.flags} -mmcu={build.mcu} {compiler.c.elf.extra_flags} -o "{build.path}/{build.project_name}.elf" {object_files} "{build.path}/{archive_file}" "-L{build.path}" -lm
recipe.c.o.pattern="{compiler.path}{compiler.c.cmd}" {compiler.c.flags} -mmcu={build.mcu} -DF_CPU={build.f_cpu} -DARDUINO={runtime.ide.version} -DARDUINO_{build.board} -DARDUINO_ARCH_{build.arch} {compiler.c.extra_flags} {build.extra_flags} {includes} "{source_file}" -o "{object_file}"
recipe.cpp.o.pattern="{compiler.path}{compiler.cpp.cmd}" {compiler.cpp.flags} -mmcu={build.mcu} -DF_CPU={build.f_cpu} -DARDUINO={runtime.ide.version} -DARDUINO_{build.board} -DARDUINO_ARCH_{build.arch} {compiler.cpp.extra_flags} {build.extra_flags} {includes} "{source_file}" -o "{object_file}"
recipe.objcopy.eep.pattern="{compiler.path}{compiler.objcopy.cmd}" {compiler.objcopy.eep.flags} {compiler.objcopy.eep.extra_flags} "{build.path}/{build.project_name}.elf" "{build.path}/{build.project_name}.eep"
recipe.objcopy.hex.pattern="{compiler.path}{compiler.elf2hex.cmd}" {compiler.elf2hex.flags} {compiler.elf2hex.extra_flags} "{build.path}/{build.project_name}.elf" "{build.path}/{build.project_name}.hex"
recipe.output.save_file={build.project_name}.{build.variant}.hex
recipe.output.tmp_file={build.project_name}.hex
recipe.preproc.includes="{compiler.path}{compiler.cpp.cmd}" {compiler.cpp.flags} {preproc.includes.flags} -mmcu={build.mcu} -DF_CPU={build.f_cpu} -DARDUINO={runtime.ide.version} -DARDUINO_{build.board} -DARDUINO_ARCH_{build.arch} {compiler.cpp.extra_flags} {build.extra_flags} {includes} "{source_file}"
recipe.preproc.macros="{compiler.path}{compiler.cpp.cmd}" {compiler.cpp.flags} {preproc.macros.flags} -mmcu={build.mcu} -DF_CPU={build.f_cpu} -DARDUINO={runtime.ide.version} -DARDUINO_{build.board} -DARDUINO_ARCH_{build.arch} {compiler.cpp.extra_flags} {build.extra_flags} {includes} "{source_file}" -o "{preprocessed_file_path}"
recipe.size.pattern="{compiler.path}{compiler.size.cmd}" -A "{build.path}/{build.project_name}.elf"
recipe.size.regex=^(?:\.text|\.data|\.bootloader)\s+([0-9]+).*
recipe.size.regex.data=^(?:\.data|\.bss|\.noinit)\s+([0-9]+).*
recipe.size.regex.eeprom=^(?:\.eeprom)\s+([0-9]+).*
runtime.hardware.path=/root/.arduino15/packages/arduino/hardware/avr
runtime.ide.version=10802
runtime.os=linux
runtime.platform.path=/root/.arduino15/packages/arduino/hardware/avr/1.6.19
runtime.tools.arduinoOTA-1.1.1.path=/opt/arduino-1.8.2/hardware/tools/avr
runtime.tools.arduinoOTA.path=/root/.arduino15/packages/arduino/tools/arduinoOTA/1.1.1
runtime.tools.avr-gcc-4.9.2-atmel3.5.4-arduino2.path=/opt/arduino-1.8.2/hardware/tools/avr
runtime.tools.avr-gcc.path=/root/.arduino15/packages/arduino/tools/avr-gcc/4.9.2-atmel3.5.4-arduino2
runtime.tools.avrdude-6.3.0-arduino9.path=/opt/arduino-1.8.2/hardware/tools/avr
runtime.tools.avrdude.path=/root/.arduino15/packages/arduino/tools/avrdude/6.3.0-arduino9
runtime.tools.ctags-5.8-arduino11.path=/opt/arduino-1.8.2/tools-builder/ctags/5.8-arduino11
runtime.tools.ctags.path=/opt/arduino-1.8.2/tools-builder/ctags/5.8-arduino11
software=ARDUINO
tools.avrdude.bootloader.params.quiet=-q -q
tools.avrdude.bootloader.params.verbose=-v
tools.avrdude.bootloader.pattern="{cmd.path}" "-C{config.path}" {bootloader.verbose} -p{build.mcu} -c{protocol} {program.extra_params} "-Uflash:w:{runtime.platform.path}/bootloaders/{bootloader.file}:i" -Ulock:w:{bootloader.lock_bits}:m
tools.avrdude.cmd.path={path}/bin/avrdude
tools.avrdude.config.path={path}/etc/avrdude.conf
tools.avrdude.erase.params.quiet=-q -q
tools.avrdude.erase.params.verbose=-v
tools.avrdude.erase.pattern="{cmd.path}" "-C{config.path}" {erase.verbose} -p{build.mcu} -c{protocol} {program.extra_params} -e -Ulock:w:{bootloader.unlock_bits}:m -Uefuse:w:{bootloader.extended_fuses}:m -Uhfuse:w:{bootloader.high_fuses}:m -Ulfuse:w:{bootloader.low_fuses}:m
tools.avrdude.network_cmd={runtime.tools.arduinoOTA.path}/bin/arduinoOTA
tools.avrdude.path={runtime.tools.avrdude.path}
tools.avrdude.program.params.noverify=-V
tools.avrdude.program.params.quiet=-q -q
tools.avrdude.program.params.verbose=-v
tools.avrdude.program.pattern="{cmd.path}" "-C{config.path}" {program.verbose} {program.verify} -p{build.mcu} -c{protocol} {program.extra_params} "-Uflash:w:{build.path}/{build.project_name}.hex:i"
tools.avrdude.program.verify=
tools.avrdude.upload.network_pattern="{network_cmd}" -address {serial.port} -port {upload.network.port} -sketch "{build.path}/{build.project_name}.hex" -upload {upload.network.endpoint_upload} -sync {upload.network.endpoint_sync} -reset {upload.network.endpoint_reset} -sync_exp {upload.network.sync_return}
tools.avrdude.upload.params.noverify=-V
tools.avrdude.upload.params.quiet=-q -q
tools.avrdude.upload.params.verbose=-v
tools.avrdude.upload.pattern="{cmd.path}" "-C{config.path}" {upload.verbose} {upload.verify} -p{build.mcu} -c{upload.protocol} -P{serial.port} -b{upload.speed} -D "-Uflash:w:{build.path}/{build.project_name}.hex:i"
tools.avrdude.upload.verify=
tools.avrdude_remote.upload.pattern=/usr/bin/run-avrdude /tmp/sketch.hex {upload.verbose} -p{build.mcu}
tools.ctags.cmd.path={path}/ctags
tools.ctags.path={runtime.tools.ctags.path}
tools.ctags.pattern="{cmd.path}" -u --language-force=c++ -f - --c++-kinds=svpf --fields=KSTtzns --line-directives "{source_file}"
upload.maximum_data_size=2048
upload.maximum_size=30720
upload.protocol=arduino
upload.speed=57600
upload.tool=avrdude
version=1.6.19
===info ||| Progress {0} ||| [100.00]
===info ||| Progress {0} ||| [0.00]
===info ||| Progress {0} ||| [2.94]
===info ||| Progress {0} ||| [5.88]
===info ||| Using board '{0}' from platform in folder: {1} ||| [nano %2Froot%2F.arduino15%2Fpackages%2Farduino%2Fhardware%2Favr%2F1.6.19]
===info ||| Using core '{0}' from platform in folder: {1} ||| [arduino %2Froot%2F.arduino15%2Fpackages%2Farduino%2Fhardware%2Favr%2F1.6.19]
===info ||| Progress {0} ||| [8.82]
===info ||| Progress {0} ||| [11.76]
===info ||| Progress {0} ||| [14.71]
===info ||| Progress {0} ||| [17.65]
===info ||| Progress {0} ||| [20.59]
===info ||| Detecting libraries used... ||| []
===info ||| Progress {0} ||| [23.53]
"/root/.arduino15/packages/arduino/tools/avr-gcc/4.9.2-atmel3.5.4-arduino2/bin/avr-g++" -c -g -Os -w -std=gnu++11 -fpermissive -fno-exceptions -ffunction-sections -fdata-sections -fno-threadsafe-statics  -flto -w -x c++ -E -CC -mmcu=atmega328p -DF_CPU=16000000L -DARDUINO=10802 -DARDUINO_AVR_NANO -DARDUINO_ARCH_AVR   "-I/root/.arduino15/packages/arduino/hardware/avr/1.6.19/cores/arduino" "-I/root/.arduino15/packages/arduino/hardware/avr/1.6.19/variants/eightanaloginputs" "/home/boss/Arduino/_7seg/arduino_build/sketch/_7seg.ino.cpp" -o "/dev/null"
===info ||| Progress {0} ||| [26.47]
===info ||| Progress {0} ||| [29.41]
===info ||| Generating function prototypes... ||| []
===info ||| Progress {0} ||| [32.35]
"/root/.arduino15/packages/arduino/tools/avr-gcc/4.9.2-atmel3.5.4-arduino2/bin/avr-g++" -c -g -Os -w -std=gnu++11 -fpermissive -fno-exceptions -ffunction-sections -fdata-sections -fno-threadsafe-statics  -flto -w -x c++ -E -CC -mmcu=atmega328p -DF_CPU=16000000L -DARDUINO=10802 -DARDUINO_AVR_NANO -DARDUINO_ARCH_AVR   "-I/root/.arduino15/packages/arduino/hardware/avr/1.6.19/cores/arduino" "-I/root/.arduino15/packages/arduino/hardware/avr/1.6.19/variants/eightanaloginputs" "/home/boss/Arduino/_7seg/arduino_build/sketch/_7seg.ino.cpp" -o "/home/boss/Arduino/_7seg/arduino_build/preproc/ctags_target_for_gcc_minus_e.cpp"
"/opt/arduino-1.8.2/tools-builder/ctags/5.8-arduino11/ctags" -u --language-force=c++ -f - --c++-kinds=svpf --fields=KSTtzns --line-directives "/home/boss/Arduino/_7seg/arduino_build/preproc/ctags_target_for_gcc_minus_e.cpp"
===info ||| Progress {0} ||| [35.29]
===info ||| Compiling sketch... ||| []
===info ||| Progress {0} ||| [38.24]
===info ||| Progress {0} ||| [41.18]
"/root/.arduino15/packages/arduino/tools/avr-gcc/4.9.2-atmel3.5.4-arduino2/bin/avr-g++" -c -g -Os -w -std=gnu++11 -fpermissive -fno-exceptions -ffunction-sections -fdata-sections -fno-threadsafe-statics -MMD -flto -mmcu=atmega328p -DF_CPU=16000000L -DARDUINO=10802 -DARDUINO_AVR_NANO -DARDUINO_ARCH_AVR   "-I/root/.arduino15/packages/arduino/hardware/avr/1.6.19/cores/arduino" "-I/root/.arduino15/packages/arduino/hardware/avr/1.6.19/variants/eightanaloginputs" "/home/boss/Arduino/_7seg/arduino_build/sketch/_7seg.ino.cpp" -o "/home/boss/Arduino/_7seg/arduino_build/sketch/_7seg.ino.cpp.o"
===info ||| Progress {0} ||| [44.12]
===info ||| Progress {0} ||| [47.06]
===info ||| Compiling libraries... ||| []
===info ||| Progress {0} ||| [50.00]
===info ||| Progress {0} ||| [52.94]
===info ||| Progress {0} ||| [55.88]
===info ||| Progress {0} ||| [58.82]
===info ||| Progress {0} ||| [61.76]
===info ||| Compiling core... ||| []
===info ||| Progress {0} ||| [64.71]
===info ||| Progress {0} ||| [67.65]
"/root/.arduino15/packages/arduino/tools/avr-gcc/4.9.2-atmel3.5.4-arduino2/bin/avr-gcc" -c -g -x assembler-with-cpp -flto -MMD -mmcu=atmega328p -DF_CPU=16000000L -DARDUINO=10802 -DARDUINO_AVR_NANO -DARDUINO_ARCH_AVR   "-I/root/.arduino15/packages/arduino/hardware/avr/1.6.19/cores/arduino" "-I/root/.arduino15/packages/arduino/hardware/avr/1.6.19/variants/eightanaloginputs" "/root/.arduino15/packages/arduino/hardware/avr/1.6.19/cores/arduino/wiring_pulse.S" -o "/home/boss/Arduino/_7seg/arduino_build/core/wiring_pulse.S.o"
"/root/.arduino15/packages/arduino/tools/avr-gcc/4.9.2-atmel3.5.4-arduino2/bin/avr-gcc" -c -g -Os -w -std=gnu11 -ffunction-sections -fdata-sections -MMD -flto -fno-fat-lto-objects -mmcu=atmega328p -DF_CPU=16000000L -DARDUINO=10802 -DARDUINO_AVR_NANO -DARDUINO_ARCH_AVR   "-I/root/.arduino15/packages/arduino/hardware/avr/1.6.19/cores/arduino" "-I/root/.arduino15/packages/arduino/hardware/avr/1.6.19/variants/eightanaloginputs" "/root/.arduino15/packages/arduino/hardware/avr/1.6.19/cores/arduino/WInterrupts.c" -o "/home/boss/Arduino/_7seg/arduino_build/core/WInterrupts.c.o"
"/root/.arduino15/packages/arduino/tools/avr-gcc/4.9.2-atmel3.5.4-arduino2/bin/avr-gcc" -c -g -Os -w -std=gnu11 -ffunction-sections -fdata-sections -MMD -flto -fno-fat-lto-objects -mmcu=atmega328p -DF_CPU=16000000L -DARDUINO=10802 -DARDUINO_AVR_NANO -DARDUINO_ARCH_AVR   "-I/root/.arduino15/packages/arduino/hardware/avr/1.6.19/cores/arduino" "-I/root/.arduino15/packages/arduino/hardware/avr/1.6.19/variants/eightanaloginputs" "/root/.arduino15/packages/arduino/hardware/avr/1.6.19/cores/arduino/hooks.c" -o "/home/boss/Arduino/_7seg/arduino_build/core/hooks.c.o"
"/root/.arduino15/packages/arduino/tools/avr-gcc/4.9.2-atmel3.5.4-arduino2/bin/avr-gcc" -c -g -Os -w -std=gnu11 -ffunction-sections -fdata-sections -MMD -flto -fno-fat-lto-objects -mmcu=atmega328p -DF_CPU=16000000L -DARDUINO=10802 -DARDUINO_AVR_NANO -DARDUINO_ARCH_AVR   "-I/root/.arduino15/packages/arduino/hardware/avr/1.6.19/cores/arduino" "-I/root/.arduino15/packages/arduino/hardware/avr/1.6.19/variants/eightanaloginputs" "/root/.arduino15/packages/arduino/hardware/avr/1.6.19/cores/arduino/wiring.c" -o "/home/boss/Arduino/_7seg/arduino_build/core/wiring.c.o"
"/root/.arduino15/packages/arduino/tools/avr-gcc/4.9.2-atmel3.5.4-arduino2/bin/avr-gcc" -c -g -Os -w -std=gnu11 -ffunction-sections -fdata-sections -MMD -flto -fno-fat-lto-objects -mmcu=atmega328p -DF_CPU=16000000L -DARDUINO=10802 -DARDUINO_AVR_NANO -DARDUINO_ARCH_AVR   "-I/root/.arduino15/packages/arduino/hardware/avr/1.6.19/cores/arduino" "-I/root/.arduino15/packages/arduino/hardware/avr/1.6.19/variants/eightanaloginputs" "/root/.arduino15/packages/arduino/hardware/avr/1.6.19/cores/arduino/wiring_analog.c" -o "/home/boss/Arduino/_7seg/arduino_build/core/wiring_analog.c.o"
"/root/.arduino15/packages/arduino/tools/avr-gcc/4.9.2-atmel3.5.4-arduino2/bin/avr-gcc" -c -g -Os -w -std=gnu11 -ffunction-sections -fdata-sections -MMD -flto -fno-fat-lto-objects -mmcu=atmega328p -DF_CPU=16000000L -DARDUINO=10802 -DARDUINO_AVR_NANO -DARDUINO_ARCH_AVR   "-I/root/.arduino15/packages/arduino/hardware/avr/1.6.19/cores/arduino" "-I/root/.arduino15/packages/arduino/hardware/avr/1.6.19/variants/eightanaloginputs" "/root/.arduino15/packages/arduino/hardware/avr/1.6.19/cores/arduino/wiring_digital.c" -o "/home/boss/Arduino/_7seg/arduino_build/core/wiring_digital.c.o"
"/root/.arduino15/packages/arduino/tools/avr-gcc/4.9.2-atmel3.5.4-arduino2/bin/avr-gcc" -c -g -Os -w -std=gnu11 -ffunction-sections -fdata-sections -MMD -flto -fno-fat-lto-objects -mmcu=atmega328p -DF_CPU=16000000L -DARDUINO=10802 -DARDUINO_AVR_NANO -DARDUINO_ARCH_AVR   "-I/root/.arduino15/packages/arduino/hardware/avr/1.6.19/cores/arduino" "-I/root/.arduino15/packages/arduino/hardware/avr/1.6.19/variants/eightanaloginputs" "/root/.arduino15/packages/arduino/hardware/avr/1.6.19/cores/arduino/wiring_pulse.c" -o "/home/boss/Arduino/_7seg/arduino_build/core/wiring_pulse.c.o"
"/root/.arduino15/packages/arduino/tools/avr-gcc/4.9.2-atmel3.5.4-arduino2/bin/avr-gcc" -c -g -Os -w -std=gnu11 -ffunction-sections -fdata-sections -MMD -flto -fno-fat-lto-objects -mmcu=atmega328p -DF_CPU=16000000L -DARDUINO=10802 -DARDUINO_AVR_NANO -DARDUINO_ARCH_AVR   "-I/root/.arduino15/packages/arduino/hardware/avr/1.6.19/cores/arduino" "-I/root/.arduino15/packages/arduino/hardware/avr/1.6.19/variants/eightanaloginputs" "/root/.arduino15/packages/arduino/hardware/avr/1.6.19/cores/arduino/wiring_shift.c" -o "/home/boss/Arduino/_7seg/arduino_build/core/wiring_shift.c.o"
"/root/.arduino15/packages/arduino/tools/avr-gcc/4.9.2-atmel3.5.4-arduino2/bin/avr-g++" -c -g -Os -w -std=gnu++11 -fpermissive -fno-exceptions -ffunction-sections -fdata-sections -fno-threadsafe-statics -MMD -flto -mmcu=atmega328p -DF_CPU=16000000L -DARDUINO=10802 -DARDUINO_AVR_NANO -DARDUINO_ARCH_AVR   "-I/root/.arduino15/packages/arduino/hardware/avr/1.6.19/cores/arduino" "-I/root/.arduino15/packages/arduino/hardware/avr/1.6.19/variants/eightanaloginputs" "/root/.arduino15/packages/arduino/hardware/avr/1.6.19/cores/arduino/CDC.cpp" -o "/home/boss/Arduino/_7seg/arduino_build/core/CDC.cpp.o"
"/root/.arduino15/packages/arduino/tools/avr-gcc/4.9.2-atmel3.5.4-arduino2/bin/avr-g++" -c -g -Os -w -std=gnu++11 -fpermissive -fno-exceptions -ffunction-sections -fdata-sections -fno-threadsafe-statics -MMD -flto -mmcu=atmega328p -DF_CPU=16000000L -DARDUINO=10802 -DARDUINO_AVR_NANO -DARDUINO_ARCH_AVR   "-I/root/.arduino15/packages/arduino/hardware/avr/1.6.19/cores/arduino" "-I/root/.arduino15/packages/arduino/hardware/avr/1.6.19/variants/eightanaloginputs" "/root/.arduino15/packages/arduino/hardware/avr/1.6.19/cores/arduino/HardwareSerial.cpp" -o "/home/boss/Arduino/_7seg/arduino_build/core/HardwareSerial.cpp.o"
"/root/.arduino15/packages/arduino/tools/avr-gcc/4.9.2-atmel3.5.4-arduino2/bin/avr-g++" -c -g -Os -w -std=gnu++11 -fpermissive -fno-exceptions -ffunction-sections -fdata-sections -fno-threadsafe-statics -MMD -flto -mmcu=atmega328p -DF_CPU=16000000L -DARDUINO=10802 -DARDUINO_AVR_NANO -DARDUINO_ARCH_AVR   "-I/root/.arduino15/packages/arduino/hardware/avr/1.6.19/cores/arduino" "-I/root/.arduino15/packages/arduino/hardware/avr/1.6.19/variants/eightanaloginputs" "/root/.arduino15/packages/arduino/hardware/avr/1.6.19/cores/arduino/HardwareSerial0.cpp" -o "/home/boss/Arduino/_7seg/arduino_build/core/HardwareSerial0.cpp.o"
"/root/.arduino15/packages/arduino/tools/avr-gcc/4.9.2-atmel3.5.4-arduino2/bin/avr-g++" -c -g -Os -w -std=gnu++11 -fpermissive -fno-exceptions -ffunction-sections -fdata-sections -fno-threadsafe-statics -MMD -flto -mmcu=atmega328p -DF_CPU=16000000L -DARDUINO=10802 -DARDUINO_AVR_NANO -DARDUINO_ARCH_AVR   "-I/root/.arduino15/packages/arduino/hardware/avr/1.6.19/cores/arduino" "-I/root/.arduino15/packages/arduino/hardware/avr/1.6.19/variants/eightanaloginputs" "/root/.arduino15/packages/arduino/hardware/avr/1.6.19/cores/arduino/HardwareSerial1.cpp" -o "/home/boss/Arduino/_7seg/arduino_build/core/HardwareSerial1.cpp.o"
"/root/.arduino15/packages/arduino/tools/avr-gcc/4.9.2-atmel3.5.4-arduino2/bin/avr-g++" -c -g -Os -w -std=gnu++11 -fpermissive -fno-exceptions -ffunction-sections -fdata-sections -fno-threadsafe-statics -MMD -flto -mmcu=atmega328p -DF_CPU=16000000L -DARDUINO=10802 -DARDUINO_AVR_NANO -DARDUINO_ARCH_AVR   "-I/root/.arduino15/packages/arduino/hardware/avr/1.6.19/cores/arduino" "-I/root/.arduino15/packages/arduino/hardware/avr/1.6.19/variants/eightanaloginputs" "/root/.arduino15/packages/arduino/hardware/avr/1.6.19/cores/arduino/HardwareSerial2.cpp" -o "/home/boss/Arduino/_7seg/arduino_build/core/HardwareSerial2.cpp.o"
"/root/.arduino15/packages/arduino/tools/avr-gcc/4.9.2-atmel3.5.4-arduino2/bin/avr-g++" -c -g -Os -w -std=gnu++11 -fpermissive -fno-exceptions -ffunction-sections -fdata-sections -fno-threadsafe-statics -MMD -flto -mmcu=atmega328p -DF_CPU=16000000L -DARDUINO=10802 -DARDUINO_AVR_NANO -DARDUINO_ARCH_AVR   "-I/root/.arduino15/packages/arduino/hardware/avr/1.6.19/cores/arduino" "-I/root/.arduino15/packages/arduino/hardware/avr/1.6.19/variants/eightanaloginputs" "/root/.arduino15/packages/arduino/hardware/avr/1.6.19/cores/arduino/HardwareSerial3.cpp" -o "/home/boss/Arduino/_7seg/arduino_build/core/HardwareSerial3.cpp.o"
"/root/.arduino15/packages/arduino/tools/avr-gcc/4.9.2-atmel3.5.4-arduino2/bin/avr-g++" -c -g -Os -w -std=gnu++11 -fpermissive -fno-exceptions -ffunction-sections -fdata-sections -fno-threadsafe-statics -MMD -flto -mmcu=atmega328p -DF_CPU=16000000L -DARDUINO=10802 -DARDUINO_AVR_NANO -DARDUINO_ARCH_AVR   "-I/root/.arduino15/packages/arduino/hardware/avr/1.6.19/cores/arduino" "-I/root/.arduino15/packages/arduino/hardware/avr/1.6.19/variants/eightanaloginputs" "/root/.arduino15/packages/arduino/hardware/avr/1.6.19/cores/arduino/IPAddress.cpp" -o "/home/boss/Arduino/_7seg/arduino_build/core/IPAddress.cpp.o"
"/root/.arduino15/packages/arduino/tools/avr-gcc/4.9.2-atmel3.5.4-arduino2/bin/avr-g++" -c -g -Os -w -std=gnu++11 -fpermissive -fno-exceptions -ffunction-sections -fdata-sections -fno-threadsafe-statics -MMD -flto -mmcu=atmega328p -DF_CPU=16000000L -DARDUINO=10802 -DARDUINO_AVR_NANO -DARDUINO_ARCH_AVR   "-I/root/.arduino15/packages/arduino/hardware/avr/1.6.19/cores/arduino" "-I/root/.arduino15/packages/arduino/hardware/avr/1.6.19/variants/eightanaloginputs" "/root/.arduino15/packages/arduino/hardware/avr/1.6.19/cores/arduino/PluggableUSB.cpp" -o "/home/boss/Arduino/_7seg/arduino_build/core/PluggableUSB.cpp.o"
"/root/.arduino15/packages/arduino/tools/avr-gcc/4.9.2-atmel3.5.4-arduino2/bin/avr-g++" -c -g -Os -w -std=gnu++11 -fpermissive -fno-exceptions -ffunction-sections -fdata-sections -fno-threadsafe-statics -MMD -flto -mmcu=atmega328p -DF_CPU=16000000L -DARDUINO=10802 -DARDUINO_AVR_NANO -DARDUINO_ARCH_AVR   "-I/root/.arduino15/packages/arduino/hardware/avr/1.6.19/cores/arduino" "-I/root/.arduino15/packages/arduino/hardware/avr/1.6.19/variants/eightanaloginputs" "/root/.arduino15/packages/arduino/hardware/avr/1.6.19/cores/arduino/Print.cpp" -o "/home/boss/Arduino/_7seg/arduino_build/core/Print.cpp.o"
"/root/.arduino15/packages/arduino/tools/avr-gcc/4.9.2-atmel3.5.4-arduino2/bin/avr-g++" -c -g -Os -w -std=gnu++11 -fpermissive -fno-exceptions -ffunction-sections -fdata-sections -fno-threadsafe-statics -MMD -flto -mmcu=atmega328p -DF_CPU=16000000L -DARDUINO=10802 -DARDUINO_AVR_NANO -DARDUINO_ARCH_AVR   "-I/root/.arduino15/packages/arduino/hardware/avr/1.6.19/cores/arduino" "-I/root/.arduino15/packages/arduino/hardware/avr/1.6.19/variants/eightanaloginputs" "/root/.arduino15/packages/arduino/hardware/avr/1.6.19/cores/arduino/Stream.cpp" -o "/home/boss/Arduino/_7seg/arduino_build/core/Stream.cpp.o"
"/root/.arduino15/packages/arduino/tools/avr-gcc/4.9.2-atmel3.5.4-arduino2/bin/avr-g++" -c -g -Os -w -std=gnu++11 -fpermissive -fno-exceptions -ffunction-sections -fdata-sections -fno-threadsafe-statics -MMD -flto -mmcu=atmega328p -DF_CPU=16000000L -DARDUINO=10802 -DARDUINO_AVR_NANO -DARDUINO_ARCH_AVR   "-I/root/.arduino15/packages/arduino/hardware/avr/1.6.19/cores/arduino" "-I/root/.arduino15/packages/arduino/hardware/avr/1.6.19/variants/eightanaloginputs" "/root/.arduino15/packages/arduino/hardware/avr/1.6.19/cores/arduino/Tone.cpp" -o "/home/boss/Arduino/_7seg/arduino_build/core/Tone.cpp.o"
"/root/.arduino15/packages/arduino/tools/avr-gcc/4.9.2-atmel3.5.4-arduino2/bin/avr-g++" -c -g -Os -w -std=gnu++11 -fpermissive -fno-exceptions -ffunction-sections -fdata-sections -fno-threadsafe-statics -MMD -flto -mmcu=atmega328p -DF_CPU=16000000L -DARDUINO=10802 -DARDUINO_AVR_NANO -DARDUINO_ARCH_AVR   "-I/root/.arduino15/packages/arduino/hardware/avr/1.6.19/cores/arduino" "-I/root/.arduino15/packages/arduino/hardware/avr/1.6.19/variants/eightanaloginputs" "/root/.arduino15/packages/arduino/hardware/avr/1.6.19/cores/arduino/USBCore.cpp" -o "/home/boss/Arduino/_7seg/arduino_build/core/USBCore.cpp.o"
"/root/.arduino15/packages/arduino/tools/avr-gcc/4.9.2-atmel3.5.4-arduino2/bin/avr-g++" -c -g -Os -w -std=gnu++11 -fpermissive -fno-exceptions -ffunction-sections -fdata-sections -fno-threadsafe-statics -MMD -flto -mmcu=atmega328p -DF_CPU=16000000L -DARDUINO=10802 -DARDUINO_AVR_NANO -DARDUINO_ARCH_AVR   "-I/root/.arduino15/packages/arduino/hardware/avr/1.6.19/cores/arduino" "-I/root/.arduino15/packages/arduino/hardware/avr/1.6.19/variants/eightanaloginputs" "/root/.arduino15/packages/arduino/hardware/avr/1.6.19/cores/arduino/WMath.cpp" -o "/home/boss/Arduino/_7seg/arduino_build/core/WMath.cpp.o"
"/root/.arduino15/packages/arduino/tools/avr-gcc/4.9.2-atmel3.5.4-arduino2/bin/avr-g++" -c -g -Os -w -std=gnu++11 -fpermissive -fno-exceptions -ffunction-sections -fdata-sections -fno-threadsafe-statics -MMD -flto -mmcu=atmega328p -DF_CPU=16000000L -DARDUINO=10802 -DARDUINO_AVR_NANO -DARDUINO_ARCH_AVR   "-I/root/.arduino15/packages/arduino/hardware/avr/1.6.19/cores/arduino" "-I/root/.arduino15/packages/arduino/hardware/avr/1.6.19/variants/eightanaloginputs" "/root/.arduino15/packages/arduino/hardware/avr/1.6.19/cores/arduino/WString.cpp" -o "/home/boss/Arduino/_7seg/arduino_build/core/WString.cpp.o"
"/root/.arduino15/packages/arduino/tools/avr-gcc/4.9.2-atmel3.5.4-arduino2/bin/avr-g++" -c -g -Os -w -std=gnu++11 -fpermissive -fno-exceptions -ffunction-sections -fdata-sections -fno-threadsafe-statics -MMD -flto -mmcu=atmega328p -DF_CPU=16000000L -DARDUINO=10802 -DARDUINO_AVR_NANO -DARDUINO_ARCH_AVR   "-I/root/.arduino15/packages/arduino/hardware/avr/1.6.19/cores/arduino" "-I/root/.arduino15/packages/arduino/hardware/avr/1.6.19/variants/eightanaloginputs" "/root/.arduino15/packages/arduino/hardware/avr/1.6.19/cores/arduino/abi.cpp" -o "/home/boss/Arduino/_7seg/arduino_build/core/abi.cpp.o"
"/root/.arduino15/packages/arduino/tools/avr-gcc/4.9.2-atmel3.5.4-arduino2/bin/avr-g++" -c -g -Os -w -std=gnu++11 -fpermissive -fno-exceptions -ffunction-sections -fdata-sections -fno-threadsafe-statics -MMD -flto -mmcu=atmega328p -DF_CPU=16000000L -DARDUINO=10802 -DARDUINO_AVR_NANO -DARDUINO_ARCH_AVR   "-I/root/.arduino15/packages/arduino/hardware/avr/1.6.19/cores/arduino" "-I/root/.arduino15/packages/arduino/hardware/avr/1.6.19/variants/eightanaloginputs" "/root/.arduino15/packages/arduino/hardware/avr/1.6.19/cores/arduino/main.cpp" -o "/home/boss/Arduino/_7seg/arduino_build/core/main.cpp.o"
"/root/.arduino15/packages/arduino/tools/avr-gcc/4.9.2-atmel3.5.4-arduino2/bin/avr-g++" -c -g -Os -w -std=gnu++11 -fpermissive -fno-exceptions -ffunction-sections -fdata-sections -fno-threadsafe-statics -MMD -flto -mmcu=atmega328p -DF_CPU=16000000L -DARDUINO=10802 -DARDUINO_AVR_NANO -DARDUINO_ARCH_AVR   "-I/root/.arduino15/packages/arduino/hardware/avr/1.6.19/cores/arduino" "-I/root/.arduino15/packages/arduino/hardware/avr/1.6.19/variants/eightanaloginputs" "/root/.arduino15/packages/arduino/hardware/avr/1.6.19/cores/arduino/new.cpp" -o "/home/boss/Arduino/_7seg/arduino_build/core/new.cpp.o"
"/root/.arduino15/packages/arduino/tools/avr-gcc/4.9.2-atmel3.5.4-arduino2/bin/avr-gcc-ar" rcs  "/home/boss/Arduino/_7seg/arduino_build/core/core.a" "/home/boss/Arduino/_7seg/arduino_build/core/wiring_pulse.S.o"
"/root/.arduino15/packages/arduino/tools/avr-gcc/4.9.2-atmel3.5.4-arduino2/bin/avr-gcc-ar" rcs  "/home/boss/Arduino/_7seg/arduino_build/core/core.a" "/home/boss/Arduino/_7seg/arduino_build/core/WInterrupts.c.o"
"/root/.arduino15/packages/arduino/tools/avr-gcc/4.9.2-atmel3.5.4-arduino2/bin/avr-gcc-ar" rcs  "/home/boss/Arduino/_7seg/arduino_build/core/core.a" "/home/boss/Arduino/_7seg/arduino_build/core/hooks.c.o"
"/root/.arduino15/packages/arduino/tools/avr-gcc/4.9.2-atmel3.5.4-arduino2/bin/avr-gcc-ar" rcs  "/home/boss/Arduino/_7seg/arduino_build/core/core.a" "/home/boss/Arduino/_7seg/arduino_build/core/wiring.c.o"
"/root/.arduino15/packages/arduino/tools/avr-gcc/4.9.2-atmel3.5.4-arduino2/bin/avr-gcc-ar" rcs  "/home/boss/Arduino/_7seg/arduino_build/core/core.a" "/home/boss/Arduino/_7seg/arduino_build/core/wiring_analog.c.o"
"/root/.arduino15/packages/arduino/tools/avr-gcc/4.9.2-atmel3.5.4-arduino2/bin/avr-gcc-ar" rcs  "/home/boss/Arduino/_7seg/arduino_build/core/core.a" "/home/boss/Arduino/_7seg/arduino_build/core/wiring_digital.c.o"
"/root/.arduino15/packages/arduino/tools/avr-gcc/4.9.2-atmel3.5.4-arduino2/bin/avr-gcc-ar" rcs  "/home/boss/Arduino/_7seg/arduino_build/core/core.a" "/home/boss/Arduino/_7seg/arduino_build/core/wiring_pulse.c.o"
"/root/.arduino15/packages/arduino/tools/avr-gcc/4.9.2-atmel3.5.4-arduino2/bin/avr-gcc-ar" rcs  "/home/boss/Arduino/_7seg/arduino_build/core/core.a" "/home/boss/Arduino/_7seg/arduino_build/core/wiring_shift.c.o"
"/root/.arduino15/packages/arduino/tools/avr-gcc/4.9.2-atmel3.5.4-arduino2/bin/avr-gcc-ar" rcs  "/home/boss/Arduino/_7seg/arduino_build/core/core.a" "/home/boss/Arduino/_7seg/arduino_build/core/CDC.cpp.o"
"/root/.arduino15/packages/arduino/tools/avr-gcc/4.9.2-atmel3.5.4-arduino2/bin/avr-gcc-ar" rcs  "/home/boss/Arduino/_7seg/arduino_build/core/core.a" "/home/boss/Arduino/_7seg/arduino_build/core/HardwareSerial.cpp.o"
"/root/.arduino15/packages/arduino/tools/avr-gcc/4.9.2-atmel3.5.4-arduino2/bin/avr-gcc-ar" rcs  "/home/boss/Arduino/_7seg/arduino_build/core/core.a" "/home/boss/Arduino/_7seg/arduino_build/core/HardwareSerial0.cpp.o"
"/root/.arduino15/packages/arduino/tools/avr-gcc/4.9.2-atmel3.5.4-arduino2/bin/avr-gcc-ar" rcs  "/home/boss/Arduino/_7seg/arduino_build/core/core.a" "/home/boss/Arduino/_7seg/arduino_build/core/HardwareSerial1.cpp.o"
"/root/.arduino15/packages/arduino/tools/avr-gcc/4.9.2-atmel3.5.4-arduino2/bin/avr-gcc-ar" rcs  "/home/boss/Arduino/_7seg/arduino_build/core/core.a" "/home/boss/Arduino/_7seg/arduino_build/core/HardwareSerial2.cpp.o"
"/root/.arduino15/packages/arduino/tools/avr-gcc/4.9.2-atmel3.5.4-arduino2/bin/avr-gcc-ar" rcs  "/home/boss/Arduino/_7seg/arduino_build/core/core.a" "/home/boss/Arduino/_7seg/arduino_build/core/HardwareSerial3.cpp.o"
"/root/.arduino15/packages/arduino/tools/avr-gcc/4.9.2-atmel3.5.4-arduino2/bin/avr-gcc-ar" rcs  "/home/boss/Arduino/_7seg/arduino_build/core/core.a" "/home/boss/Arduino/_7seg/arduino_build/core/IPAddress.cpp.o"
"/root/.arduino15/packages/arduino/tools/avr-gcc/4.9.2-atmel3.5.4-arduino2/bin/avr-gcc-ar" rcs  "/home/boss/Arduino/_7seg/arduino_build/core/core.a" "/home/boss/Arduino/_7seg/arduino_build/core/PluggableUSB.cpp.o"
"/root/.arduino15/packages/arduino/tools/avr-gcc/4.9.2-atmel3.5.4-arduino2/bin/avr-gcc-ar" rcs  "/home/boss/Arduino/_7seg/arduino_build/core/core.a" "/home/boss/Arduino/_7seg/arduino_build/core/Print.cpp.o"
"/root/.arduino15/packages/arduino/tools/avr-gcc/4.9.2-atmel3.5.4-arduino2/bin/avr-gcc-ar" rcs  "/home/boss/Arduino/_7seg/arduino_build/core/core.a" "/home/boss/Arduino/_7seg/arduino_build/core/Stream.cpp.o"
"/root/.arduino15/packages/arduino/tools/avr-gcc/4.9.2-atmel3.5.4-arduino2/bin/avr-gcc-ar" rcs  "/home/boss/Arduino/_7seg/arduino_build/core/core.a" "/home/boss/Arduino/_7seg/arduino_build/core/Tone.cpp.o"
"/root/.arduino15/packages/arduino/tools/avr-gcc/4.9.2-atmel3.5.4-arduino2/bin/avr-gcc-ar" rcs  "/home/boss/Arduino/_7seg/arduino_build/core/core.a" "/home/boss/Arduino/_7seg/arduino_build/core/USBCore.cpp.o"
"/root/.arduino15/packages/arduino/tools/avr-gcc/4.9.2-atmel3.5.4-arduino2/bin/avr-gcc-ar" rcs  "/home/boss/Arduino/_7seg/arduino_build/core/core.a" "/home/boss/Arduino/_7seg/arduino_build/core/WMath.cpp.o"
"/root/.arduino15/packages/arduino/tools/avr-gcc/4.9.2-atmel3.5.4-arduino2/bin/avr-gcc-ar" rcs  "/home/boss/Arduino/_7seg/arduino_build/core/core.a" "/home/boss/Arduino/_7seg/arduino_build/core/WString.cpp.o"
"/root/.arduino15/packages/arduino/tools/avr-gcc/4.9.2-atmel3.5.4-arduino2/bin/avr-gcc-ar" rcs  "/home/boss/Arduino/_7seg/arduino_build/core/core.a" "/home/boss/Arduino/_7seg/arduino_build/core/abi.cpp.o"
"/root/.arduino15/packages/arduino/tools/avr-gcc/4.9.2-atmel3.5.4-arduino2/bin/avr-gcc-ar" rcs  "/home/boss/Arduino/_7seg/arduino_build/core/core.a" "/home/boss/Arduino/_7seg/arduino_build/core/main.cpp.o"
"/root/.arduino15/packages/arduino/tools/avr-gcc/4.9.2-atmel3.5.4-arduino2/bin/avr-gcc-ar" rcs  "/home/boss/Arduino/_7seg/arduino_build/core/core.a" "/home/boss/Arduino/_7seg/arduino_build/core/new.cpp.o"
===debug ||| Archiving built core (caching) in: /home/boss/Arduino/_7seg/arduino_cache/core/core_arduino_avr_nano_cpu_atmega328_67cb05eecae7be3f830899c6612c30f7.a ||| []
===info ||| Progress {0} ||| [70.59]
===info ||| Progress {0} ||| [73.53]
===info ||| Linking everything together... ||| []
===info ||| Progress {0} ||| [76.47]
===info ||| Progress {0} ||| [79.41]
"/root/.arduino15/packages/arduino/tools/avr-gcc/4.9.2-atmel3.5.4-arduino2/bin/avr-gcc" -w -Os -g -flto -fuse-linker-plugin -Wl,--gc-sections -mmcu=atmega328p  -o "/home/boss/Arduino/_7seg/arduino_build/_7seg.ino.elf" "/home/boss/Arduino/_7seg/arduino_build/sketch/_7seg.ino.cpp.o" "/home/boss/Arduino/_7seg/arduino_build/core/core.a" "-L/home/boss/Arduino/_7seg/arduino_build" -lm
===info ||| Progress {0} ||| [82.35]
===info ||| Progress {0} ||| [85.29]
===info ||| Progress {0} ||| [88.24]
"/root/.arduino15/packages/arduino/tools/avr-gcc/4.9.2-atmel3.5.4-arduino2/bin/avr-objcopy" -O ihex -j .eeprom --set-section-flags=.eeprom=alloc,load --no-change-warnings --change-section-lma .eeprom=0  "/home/boss/Arduino/_7seg/arduino_build/_7seg.ino.elf" "/home/boss/Arduino/_7seg/arduino_build/_7seg.ino.eep"
"/root/.arduino15/packages/arduino/tools/avr-gcc/4.9.2-atmel3.5.4-arduino2/bin/avr-objcopy" -O ihex -R .eeprom  "/home/boss/Arduino/_7seg/arduino_build/_7seg.ino.elf" "/home/boss/Arduino/_7seg/arduino_build/_7seg.ino.hex"
===info ||| Progress {0} ||| [91.18]
===info ||| Progress {0} ||| [94.12]
===info ||| Progress {0} ||| [97.06]
===info ||| Progress {0} ||| [100.00]
===info ||| Sketch uses {0} bytes ({2}%%) of program storage space. Maximum is {1} bytes. ||| [3034 30720 9]
===info ||| Global variables use {0} bytes ({2}%%) of dynamic memory, leaving {3} bytes for local variables. Maximum is {1} bytes. ||| [494 2048 24 1554]
str	/home/boss/Arduino/_7seg/_7seg.ino	/^char str[70];$/;"	kind:variable	line:14
buf	/home/boss/Arduino/_7seg/_7seg.ino	/^char buf;$/;"	kind:variable	line:15
cmd_buf	/home/boss/Arduino/_7seg/_7seg.ino	/^char* cmd_buf[8];$/;"	kind:variable	line:17
cmd_ind	/home/boss/Arduino/_7seg/_7seg.ino	/^uint8_t cmd_ind = 0;$/;"	kind:variable	line:18
disp_buf	/home/boss/Arduino/_7seg/_7seg.ino	/^char disp_buf[4] = {'F','F','F','F'};$/;"	kind:variable	line:20
disp_ind	/home/boss/Arduino/_7seg/_7seg.ino	/^uint8_t disp_ind = 0;$/;"	kind:variable	line:21
setup	/home/boss/Arduino/_7seg/_7seg.ino	/^void setup() {$/;"	kind:function	line:23	signature:()	returntype:void
loop	/home/boss/Arduino/_7seg/_7seg.ino	/^void loop() {$/;"	kind:function	line:46	signature:()	returntype:void
convert_char	/home/boss/Arduino/_7seg/_7seg.ino	/^static uint8_t* convert_char(char c) {$/;"	kind:function	line:79	signature:(char c)	returntype:uint8_t*
pinSetup	/home/boss/Arduino/_7seg/_7seg.ino	/^static uint8_t pinSetup() {$/;"	kind:function	line:126	signature:()	returntype:uint8_t
cli_store	/home/boss/Arduino/_7seg/_cli.ino	/^char* cli_store[8];$/;"	kind:variable	line:10
cli_buf	/home/boss/Arduino/_7seg/_cli.ino	/^char cli_buf[8];$/;"	kind:variable	line:11
cli_store_ind	/home/boss/Arduino/_7seg/_cli.ino	/^uint8_t cli_store_ind = 0;$/;"	kind:variable	line:12
cli_buf_ind	/home/boss/Arduino/_7seg/_cli.ino	/^uint8_t cli_buf_ind = 0;$/;"	kind:variable	line:13
prompt_set	/home/boss/Arduino/_7seg/_cli.ino	/^bool prompt_set = false;$/;"	kind:variable	line:14
lw_cli	/home/boss/Arduino/_7seg/_cli.ino	/^CLI_STS lw_cli(char c) {$/;"	kind:function	line:16	signature:(char c)	returntype:CLI_STS
lw_cli_parse	/home/boss/Arduino/_7seg/_cli.ino	/^CLI_STS lw_cli_parse(char **_store, uint8_t n) {$/;"	kind:function	line:44	signature:(char **_store, uint8_t n)	returntype:CLI_STS
lw_cli_prompt	/home/boss/Arduino/_7seg/_cli.ino	/^CLI_STS lw_cli_prompt() {$/;"	kind:function	line:53	signature:()	returntype:CLI_STS
lw_cli_init	/home/boss/Arduino/_7seg/_cli.ino	/^CLI_STS lw_cli_init() {$/;"	kind:function	line:68	signature:()	returntype:CLI_STS
read_reg	/home/boss/Arduino/_7seg/_cli.ino	/^void read_reg(void) {$/;"	kind:function	line:78	signature:(void)	returntype:void
write_reg	/home/boss/Arduino/_7seg/_cli.ino	/^void write_reg(void) {$/;"	kind:function	line:81	signature:(void)	returntype:void
quit	/home/boss/Arduino/_7seg/_cli.ino	/^void quit(void) {$/;"	kind:function	line:84	signature:(void)	returntype:void
